[0mGET / [32m200 [0m16.303 ms - 207[0m
[0mGET /stylesheets/style.css [32m200 [0m21.274 ms - 87[0m
[0mGET /favicon.ico [33m404 [0m1.668 ms - 1173[0m
[0mGET / [36m304 [0m2.224 ms - -[0m
[0mGET /stylesheets/style.css [36m304 [0m2.489 ms - -[0m
[0mGET /user [33m404 [0m3.002 ms - 1173[0m
[0mGET / [36m304 [0m1.538 ms - -[0m
[0mGET /stylesheets/style.css [36m304 [0m1.018 ms - -[0m
[0mGET / [36m304 [0m1.577 ms - -[0m
[0mGET /stylesheets/style.css [36m304 [0m1.023 ms - -[0m
[0mGET / [32m200 [0m1.011 ms - 207[0m
[0mGET / [32m200 [0m1.008 ms - 207[0m
[0mGET / [32m200 [0m1.033 ms - 207[0m
[0mGET /users [32m200 [0m0.621 ms - -[0m
[0mGET /users [32m200 [0m0.529 ms - -[0m
[0mGET / [32m200 [0m1.109 ms - 207[0m
[0mGET /routes/user [33m404 [0m0.995 ms - 1173[0m
[0mGET /routes/user [33m404 [0m1.043 ms - 1173[0m
[0mGET /routes/user [33m404 [0m1.720 ms - 1173[0m
[0mGET /model/grade [33m404 [0m1.189 ms - 1173[0m
[0mGET /model/grade [33m404 [0m1.093 ms - 1173[0m
[0mGET /model/grade [33m404 [0m1.045 ms - 1173[0m
